#! /usr/bin/vvp
:ivl_version "12.0 (stable)";
:ivl_delay_selection "TYPICAL";
:vpi_time_precision + 0;
:vpi_module "/usr/lib/x86_64-linux-gnu/ivl/system.vpi";
:vpi_module "/usr/lib/x86_64-linux-gnu/ivl/vhdl_sys.vpi";
:vpi_module "/usr/lib/x86_64-linux-gnu/ivl/vhdl_textio.vpi";
:vpi_module "/usr/lib/x86_64-linux-gnu/ivl/v2005_math.vpi";
:vpi_module "/usr/lib/x86_64-linux-gnu/ivl/va_math.vpi";
S_0x562ebe00c490 .scope module, "controlador" "controlador" 2 4;
 .timescale 0 0;
    .port_info 0 /INPUT 1 "clk";
    .port_info 1 /INPUT 1 "reset";
    .port_info 2 /INPUT 1 "enter";
    .port_info 3 /INPUT 1 "llego_vehiculo";
    .port_info 4 /INPUT 1 "vehiculo_adentro";
    .port_info 5 /INPUT 16 "clave";
    .port_info 6 /OUTPUT 1 "comp_abierto";
    .port_info 7 /OUTPUT 1 "comp_cerrado";
    .port_info 8 /OUTPUT 1 "alarma_pin";
    .port_info 9 /OUTPUT 1 "alarma_vehiculo";
P_0x562ebe00c620 .param/l "correct_pin" 0 2 22, C4<0000100110100100>;
P_0x562ebe00c660 .param/l "detect_veh" 0 2 19, C4<0010>;
P_0x562ebe00c6a0 .param/l "door_bloq" 0 2 21, C4<1000>;
P_0x562ebe00c6e0 .param/l "door_close" 0 2 18, C4<0001>;
P_0x562ebe00c720 .param/l "door_open" 0 2 20, C4<0100>;
v0x562ebe036df0_0 .var "alarma_pin", 0 0;
v0x562ebe061ae0_0 .var "alarma_vehiculo", 0 0;
o0x79432a8b7078 .functor BUFZ 16, C4<zzzzzzzzzzzzzzzz>; HiZ drive
v0x562ebe061ba0_0 .net "clave", 15 0, o0x79432a8b7078;  0 drivers
o0x79432a8b70a8 .functor BUFZ 1, C4<z>; HiZ drive
v0x562ebe061c60_0 .net "clk", 0 0, o0x79432a8b70a8;  0 drivers
v0x562ebe061d20_0 .var "comp_abierto", 0 0;
v0x562ebe061de0_0 .var "comp_cerrado", 0 0;
v0x562ebe061ea0_0 .var "contador", 1 0;
o0x79432a8b7168 .functor BUFZ 1, C4<z>; HiZ drive
v0x562ebe061f80_0 .net "enter", 0 0, o0x79432a8b7168;  0 drivers
v0x562ebe062040_0 .var "estado", 3 0;
o0x79432a8b71c8 .functor BUFZ 1, C4<z>; HiZ drive
v0x562ebe062120_0 .net "llego_vehiculo", 0 0, o0x79432a8b71c8;  0 drivers
o0x79432a8b71f8 .functor BUFZ 1, C4<z>; HiZ drive
v0x562ebe0621e0_0 .net "reset", 0 0, o0x79432a8b71f8;  0 drivers
v0x562ebe0622a0_0 .var "siguiente_contador", 1 0;
v0x562ebe062380_0 .var "siguiente_estado", 3 0;
o0x79432a8b7288 .functor BUFZ 1, C4<z>; HiZ drive
v0x562ebe062460_0 .net "vehiculo_adentro", 0 0, o0x79432a8b7288;  0 drivers
E_0x562ebe046ec0/0 .event anyedge, v0x562ebe062040_0, v0x562ebe061ea0_0, v0x562ebe062120_0, v0x562ebe061f80_0;
E_0x562ebe046ec0/1 .event anyedge, v0x562ebe061ba0_0, v0x562ebe062460_0, v0x562ebe0621e0_0;
E_0x562ebe046ec0 .event/or E_0x562ebe046ec0/0, E_0x562ebe046ec0/1;
E_0x562ebe045530 .event posedge, v0x562ebe061c60_0;
    .scope S_0x562ebe00c490;
T_0 ;
    %wait E_0x562ebe045530;
    %load/vec4 v0x562ebe0621e0_0;
    %flag_set/vec4 8;
    %jmp/0xz  T_0.0, 8;
    %pushi/vec4 1, 0, 4;
    %assign/vec4 v0x562ebe062040_0, 0;
    %pushi/vec4 0, 0, 2;
    %assign/vec4 v0x562ebe061ea0_0, 0;
    %jmp T_0.1;
T_0.0 ;
    %load/vec4 v0x562ebe062380_0;
    %assign/vec4 v0x562ebe062040_0, 0;
    %load/vec4 v0x562ebe0622a0_0;
    %assign/vec4 v0x562ebe061ea0_0, 0;
T_0.1 ;
    %jmp T_0;
    .thread T_0;
    .scope S_0x562ebe00c490;
T_1 ;
    %wait E_0x562ebe046ec0;
    %load/vec4 v0x562ebe062040_0;
    %store/vec4 v0x562ebe062380_0, 0, 4;
    %load/vec4 v0x562ebe061ea0_0;
    %store/vec4 v0x562ebe0622a0_0, 0, 2;
    %load/vec4 v0x562ebe062040_0;
    %dup/vec4;
    %pushi/vec4 1, 0, 4;
    %cmp/u;
    %jmp/1 T_1.0, 6;
    %dup/vec4;
    %pushi/vec4 2, 0, 4;
    %cmp/u;
    %jmp/1 T_1.1, 6;
    %dup/vec4;
    %pushi/vec4 4, 0, 4;
    %cmp/u;
    %jmp/1 T_1.2, 6;
    %dup/vec4;
    %pushi/vec4 8, 0, 4;
    %cmp/u;
    %jmp/1 T_1.3, 6;
    %load/vec4 v0x562ebe062040_0;
    %store/vec4 v0x562ebe062380_0, 0, 4;
    %jmp T_1.5;
T_1.0 ;
    %pushi/vec4 1, 0, 1;
    %store/vec4 v0x562ebe061de0_0, 0, 1;
    %pushi/vec4 0, 0, 1;
    %store/vec4 v0x562ebe061d20_0, 0, 1;
    %pushi/vec4 0, 0, 1;
    %store/vec4 v0x562ebe036df0_0, 0, 1;
    %pushi/vec4 0, 0, 1;
    %store/vec4 v0x562ebe061ae0_0, 0, 1;
    %jmp T_1.5;
T_1.1 ;
    %pushi/vec4 1, 0, 1;
    %store/vec4 v0x562ebe061de0_0, 0, 1;
    %pushi/vec4 0, 0, 1;
    %store/vec4 v0x562ebe061d20_0, 0, 1;
    %pushi/vec4 0, 0, 1;
    %store/vec4 v0x562ebe036df0_0, 0, 1;
    %pushi/vec4 0, 0, 1;
    %store/vec4 v0x562ebe061ae0_0, 0, 1;
    %load/vec4 v0x562ebe062120_0;
    %flag_set/vec4 10;
    %flag_get/vec4 10;
    %jmp/0 T_1.9, 10;
    %load/vec4 v0x562ebe061f80_0;
    %and;
T_1.9;
    %flag_set/vec4 9;
    %flag_get/vec4 9;
    %jmp/0 T_1.8, 9;
    %load/vec4 v0x562ebe061ba0_0;
    %pushi/vec4 2468, 0, 16;
    %cmp/e;
    %flag_get/vec4 4;
    %and;
T_1.8;
    %flag_set/vec4 8;
    %jmp/0xz  T_1.6, 8;
    %pushi/vec4 4, 0, 4;
    %store/vec4 v0x562ebe062380_0, 0, 4;
    %pushi/vec4 0, 0, 2;
    %store/vec4 v0x562ebe0622a0_0, 0, 2;
    %jmp T_1.7;
T_1.6 ;
    %load/vec4 v0x562ebe061ea0_0;
    %pad/u 32;
    %cmpi/u 3, 0, 32;
    %flag_inv 5; GE is !LT
    %jmp/0xz  T_1.10, 5;
    %pushi/vec4 8, 0, 4;
    %store/vec4 v0x562ebe062380_0, 0, 4;
    %pushi/vec4 1, 0, 1;
    %store/vec4 v0x562ebe036df0_0, 0, 1;
    %jmp T_1.11;
T_1.10 ;
    %pushi/vec4 1, 0, 4;
    %store/vec4 v0x562ebe062380_0, 0, 4;
    %load/vec4 v0x562ebe061ea0_0;
    %addi 1, 0, 2;
    %store/vec4 v0x562ebe0622a0_0, 0, 2;
T_1.11 ;
T_1.7 ;
    %jmp T_1.5;
T_1.2 ;
    %pushi/vec4 0, 0, 1;
    %store/vec4 v0x562ebe061de0_0, 0, 1;
    %pushi/vec4 1, 0, 1;
    %store/vec4 v0x562ebe061d20_0, 0, 1;
    %pushi/vec4 0, 0, 1;
    %store/vec4 v0x562ebe036df0_0, 0, 1;
    %pushi/vec4 0, 0, 1;
    %store/vec4 v0x562ebe061ae0_0, 0, 1;
    %load/vec4 v0x562ebe062460_0;
    %flag_set/vec4 8;
    %jmp/0xz  T_1.12, 8;
    %pushi/vec4 0, 0, 1;
    %store/vec4 v0x562ebe061d20_0, 0, 1;
    %pushi/vec4 1, 0, 1;
    %store/vec4 v0x562ebe061de0_0, 0, 1;
    %load/vec4 v0x562ebe062120_0;
    %flag_set/vec4 8;
    %jmp/0xz  T_1.14, 8;
    %pushi/vec4 8, 0, 4;
    %store/vec4 v0x562ebe062380_0, 0, 4;
    %pushi/vec4 1, 0, 1;
    %store/vec4 v0x562ebe061ae0_0, 0, 1;
    %jmp T_1.15;
T_1.14 ;
    %pushi/vec4 1, 0, 4;
    %store/vec4 v0x562ebe062380_0, 0, 4;
T_1.15 ;
T_1.12 ;
    %jmp T_1.5;
T_1.3 ;
    %pushi/vec4 0, 0, 1;
    %store/vec4 v0x562ebe061de0_0, 0, 1;
    %pushi/vec4 0, 0, 1;
    %store/vec4 v0x562ebe061d20_0, 0, 1;
    %pushi/vec4 1, 0, 1;
    %store/vec4 v0x562ebe036df0_0, 0, 1;
    %pushi/vec4 1, 0, 1;
    %store/vec4 v0x562ebe061ae0_0, 0, 1;
    %load/vec4 v0x562ebe0621e0_0;
    %flag_set/vec4 8;
    %jmp/0xz  T_1.16, 8;
    %pushi/vec4 1, 0, 4;
    %store/vec4 v0x562ebe062380_0, 0, 4;
T_1.16 ;
    %jmp T_1.5;
T_1.5 ;
    %pop/vec4 1;
    %jmp T_1;
    .thread T_1, $push;
# The file index is used to find the file name in the following table.
:file_names 3;
    "N/A";
    "<interactive>";
    "controlador.v";
